{
  "RSpec": {
    "coverage": {
      "/Users/jocelynakkurt/wdi14/to-do-list/app/models/user.rb": [
        1,
        null,
        null,
        1,
        null,
        null,
        1,
        null,
        null,
        null,
        1,
        1,
        1,
        1,
        null
      ],
      "/Users/jocelynakkurt/wdi14/to-do-list/app/helpers/application_helper.rb": [
        1,
        null
      ],
      "/Users/jocelynakkurt/wdi14/to-do-list/app/helpers/comments_helper.rb": [
        1,
        null
      ],
      "/Users/jocelynakkurt/wdi14/to-do-list/app/helpers/partnerships_helper.rb": [
        1,
        null
      ],
      "/Users/jocelynakkurt/wdi14/to-do-list/app/helpers/tasks_helper.rb": [
        1,
        null
      ],
      "/Users/jocelynakkurt/wdi14/to-do-list/app/helpers/users_helper.rb": [
        1,
        null
      ],
      "/Users/jocelynakkurt/wdi14/to-do-list/app/models/comment.rb": [
        1,
        1,
        1,
        null
      ],
      "/Users/jocelynakkurt/wdi14/to-do-list/app/models/partnership.rb": [
        1,
        1,
        1,
        1,
        null
      ],
      "/Users/jocelynakkurt/wdi14/to-do-list/app/models/task.rb": [
        1,
        1,
        null,
        1,
        null
      ]
    },
    "timestamp": 1425526250
  }
}
