{
  "RSpec": {
    "coverage": {
      "/Users/jocelynakkurt/wdi14/to-do-list/app/models/user.rb": [
        1,
        null,
        null,
        1,
        null,
        1,
        1,
        1,
        1,
        1,
        null
      ],
      "/Users/jocelynakkurt/wdi14/to-do-list/app/helpers/application_helper.rb": [
        1,
        null
      ],
      "/Users/jocelynakkurt/wdi14/to-do-list/app/helpers/comments_helper.rb": [
        1,
        null
      ],
      "/Users/jocelynakkurt/wdi14/to-do-list/app/helpers/partnerships_helper.rb": [
        1,
        null
      ],
      "/Users/jocelynakkurt/wdi14/to-do-list/app/helpers/tasks_helper.rb": [
        1,
        null
      ],
      "/Users/jocelynakkurt/wdi14/to-do-list/app/helpers/users_helper.rb": [
        1,
        null
      ],
      "/Users/jocelynakkurt/wdi14/to-do-list/app/helpers/welcome_helper.rb": [
        1,
        null
      ],
      "/Users/jocelynakkurt/wdi14/to-do-list/app/controllers/users_controller.rb": [
        1,
        1,
        null,
        null,
        1,
        null,
        null,
        1,
        null,
        null,
        1,
        null,
        null
      ],
      "/Users/jocelynakkurt/wdi14/to-do-list/app/controllers/application_controller.rb": [
        1,
        null,
        null,
        1,
        null,
        1,
        0,
        0,
        0,
        null,
        0,
        null,
        null,
        null
      ],
      "/Users/jocelynakkurt/wdi14/to-do-list/app/controllers/welcome_controller.rb": [
        1,
        1,
        null,
        null
      ],
      "/Users/jocelynakkurt/wdi14/to-do-list/app/models/comment.rb": [
        1,
        1,
        1,
        null
      ],
      "/Users/jocelynakkurt/wdi14/to-do-list/app/models/partnership.rb": [
        1,
        1,
        1,
        1,
        null
      ],
      "/Users/jocelynakkurt/wdi14/to-do-list/app/models/task.rb": [
        1,
        1,
        null,
        1,
        null
      ]
    },
    "timestamp": 1425683579
  }
}
